<?xml version="1.0" encoding="UTF-8"?>
<!-- Generated by org.testng.reporters.JUnitReportReporter -->
<testsuite skipped="0" hostname="ZeppelinJagger" name="tests.Proba" tests="1" failures="0" timestamp="2021-06-09T23:28:17 CEST" time="8.298" errors="0">
  <testcase name="test" time="8.298" classname="tests.Proba"/>
  <system-out/>
</testsuite> <!-- tests.Proba -->
